This is pdfTeX, Version 3.14159265-2.6-1.40.18 (TeX Live 2017/Debian) (preloaded format=pdflatex 2018.2.26)  9 JUL 2018 18:09
entering extended mode
 restricted \write18 enabled.
 %&-line parsing enabled.
**"Lab Book.tex"
(./Lab Book.tex
LaTeX2e <2017-04-15>
Babel <3.12> and hyphenation patterns for 5 language(s) loaded.
(./labbook.cls
Document Class: labbook 2003/05/20 v1.1 LaTeX2e labbook document class
(/usr/share/texlive/texmf-dist/tex/latex/koma-script/scrbook.cls
Document Class: scrbook 2017/04/13 v3.23 KOMA-Script document class (book)
(/usr/share/texlive/texmf-dist/tex/latex/koma-script/scrkbase.sty
Package: scrkbase 2017/04/13 v3.23 KOMA-Script package (KOMA-Script-dependent b
asics and keyval usage)

(/usr/share/texlive/texmf-dist/tex/latex/koma-script/scrbase.sty
Package: scrbase 2017/04/13 v3.23 KOMA-Script package (KOMA-Script-independent 
basics and keyval usage)

(/usr/share/texlive/texmf-dist/tex/latex/graphics/keyval.sty
Package: keyval 2014/10/28 v1.15 key=value parser (DPC)
\KV@toks@=\toks14
)
(/usr/share/texlive/texmf-dist/tex/latex/koma-script/scrlfile.sty
Package: scrlfile 2017/04/13 v3.23 KOMA-Script package (loading files)

Package scrlfile, 2017/04/13 v3.23 KOMA-Script package (loading files)
                  Copyright (C) Markus Kohm

))) (/usr/share/texlive/texmf-dist/tex/latex/koma-script/tocbasic.sty
Package: tocbasic 2017/04/13 v3.23 KOMA-Script package (handling toc-files)
\scr@dte@tocline@numberwidth=\skip41
\scr@dte@tocline@numbox=\box26
)
Package tocbasic Info: omitting babel extension for `toc'
(tocbasic)             because of feature `nobabel' available
(tocbasic)             for `toc' on input line 133.
Package tocbasic Info: omitting babel extension for `lof'
(tocbasic)             because of feature `nobabel' available
(tocbasic)             for `lof' on input line 135.
Package tocbasic Info: omitting babel extension for `lot'
(tocbasic)             because of feature `nobabel' available
(tocbasic)             for `lot' on input line 136.
Package tocbasic Info: defining new hook before heading of `' on input line 160
8.


Class scrbook Warning: You've used obsolete option `idxtotoc'.
(scrbook)              Usage of this option indicates an old document
(scrbook)              and changes compatibility level using
(scrbook)              `index=totoc,version=first,
(scrbook)              enabledeprecatedfontcommands' that may result
(scrbook)              in further warnings.
(scrbook)              If you don't want this, you should simply
(scrbook)              replace option `idxtotoc' by `index=totoc'.

Class scrbook Info: Switching compatibility level to `first'.

Class scrbook Warning: deprecated option `enabledeprecatedfontcommands'.
(scrbook)              Note, that this option was already depreacted when
(scrbook)              it has been defined. Support for old font commands
(scrbook)              has been removed from KOMA-Script more than one
(scrbook)              decade ago. It is not recommended to use them any
(scrbook)              longer. Therefore usage of this class option also
(scrbook)              is not recommended.

Class scrbook Info: You've used standard option `openany'.
(scrbook)           This is correct!
(scrbook)           Internally I'm using `open=any'.
(scrbook)           If you'd like to set the option with \KOMAoptions,
(scrbook)           you'd have to use `open=any' there
(scrbook)           instead of `openany', too.
Class scrbook Info: File `scrsize11pt.clo' used instead of
(scrbook)           file `scrsize11.clo' to setup font sizes on input line 2275
.
(/usr/share/texlive/texmf-dist/tex/latex/koma-script/scrsize11pt.clo
File: scrsize11pt.clo 2017/04/13 v3.23 KOMA-Script font size class option (11pt
)
)
(/usr/share/texlive/texmf-dist/tex/latex/koma-script/typearea.sty
Package: typearea 2017/04/13 v3.23 KOMA-Script package (type area)
\ta@bcor=\skip42
\ta@div=\count79
\ta@hblk=\skip43
\ta@vblk=\skip44
\ta@temp=\skip45
\footheight=\skip46
Package typearea Info: These are the values describing the layout:
(typearea)             DIV  = 10
(typearea)             BCOR = 0.0pt
(typearea)             \paperwidth      = 597.50793pt
(typearea)              \textwidth      = 418.25555pt
(typearea)              DIV departure   = -6%
(typearea)              \evensidemargin = 47.2316pt
(typearea)              \oddsidemargin  = -12.5192pt
(typearea)             \paperheight     = 845.04694pt
(typearea)              \textheight     = 595.80026pt
(typearea)              \topmargin      = -25.16531pt
(typearea)              \headheight     = 17.0pt
(typearea)              \headsep        = 20.40001pt
(typearea)              \topskip        = 11.0pt
(typearea)              \footskip       = 47.6pt
(typearea)              \baselineskip   = 13.6pt
(typearea)              on input line 1647.
)
\c@part=\count80
\c@chapter=\count81
\c@section=\count82
\c@subsection=\count83
\c@subsubsection=\count84
\c@paragraph=\count85
\c@subparagraph=\count86
\scr@dte@part@maxnumwidth=\skip47
\scr@dte@chapter@maxnumwidth=\skip48
\scr@dte@section@maxnumwidth=\skip49
\scr@dte@subsection@maxnumwidth=\skip50
\scr@dte@subsubsection@maxnumwidth=\skip51
\scr@dte@paragraph@maxnumwidth=\skip52
\scr@dte@subparagraph@maxnumwidth=\skip53
LaTeX Info: Redefining \textsubscript on input line 4843.
\abovecaptionskip=\skip54
\belowcaptionskip=\skip55
\c@pti@nb@sid@b@x=\box27
\c@figure=\count87
\c@table=\count88
Class scrbook Info: Using old \@makefntext due to compatibility level
(scrbook)           less than 3.22 on input line 5988.
Class scrbook Info: Redefining `\numberline' on input line 6000.
\bibindent=\dimen102
)
(/usr/share/texlive/texmf-dist/tex/latex/base/makeidx.sty
Package: makeidx 2014/09/29 v1.0m Standard LaTeX package
)
\@indexfile=\write3
\openout3 = `"Lab Book.idx"'.


Writing index file "Lab Book".idx
\FK@toks@=\toks15
\c@fk@commasep@argnumber=\count89
\c@fk@atdashsep@argnumber=\count90
\c@labday=\count91
\c@experiment=\count92
\c@subexperiment=\count93
) (/usr/share/texlive/texmf-dist/tex/latex/hyperref/hyperref.sty
Package: hyperref 2017/03/14 v6.85a Hypertext links for LaTeX

(/usr/share/texlive/texmf-dist/tex/generic/oberdiek/hobsub-hyperref.sty
Package: hobsub-hyperref 2016/05/16 v1.14 Bundle oberdiek, subset hyperref (HO)


(/usr/share/texlive/texmf-dist/tex/generic/oberdiek/hobsub-generic.sty
Package: hobsub-generic 2016/05/16 v1.14 Bundle oberdiek, subset generic (HO)
Package: hobsub 2016/05/16 v1.14 Construct package bundles (HO)
Package: infwarerr 2016/05/16 v1.4 Providing info/warning/error messages (HO)
Package: ltxcmds 2016/05/16 v1.23 LaTeX kernel commands for general use (HO)
Package: ifluatex 2016/05/16 v1.4 Provides the ifluatex switch (HO)
Package ifluatex Info: LuaTeX not detected.
Package: ifvtex 2016/05/16 v1.6 Detect VTeX and its facilities (HO)
Package ifvtex Info: VTeX not detected.
Package: intcalc 2016/05/16 v1.2 Expandable calculations with integers (HO)
Package: ifpdf 2017/03/15 v3.2 Provides the ifpdf switch
Package: etexcmds 2016/05/16 v1.6 Avoid name clashes with e-TeX commands (HO)
Package etexcmds Info: Could not find \expanded.
(etexcmds)             That can mean that you are not using pdfTeX 1.50 or
(etexcmds)             that some package has redefined \expanded.
(etexcmds)             In the latter case, load this package earlier.
Package: kvsetkeys 2016/05/16 v1.17 Key value parser (HO)
Package: kvdefinekeys 2016/05/16 v1.4 Define keys (HO)
Package: pdftexcmds 2017/03/19 v0.25 Utility functions of pdfTeX for LuaTeX (HO
)
Package pdftexcmds Info: LuaTeX not detected.
Package pdftexcmds Info: \pdf@primitive is available.
Package pdftexcmds Info: \pdf@ifprimitive is available.
Package pdftexcmds Info: \pdfdraftmode found.
Package: pdfescape 2016/05/16 v1.14 Implements pdfTeX's escape features (HO)
Package: bigintcalc 2016/05/16 v1.4 Expandable calculations on big integers (HO
)
Package: bitset 2016/05/16 v1.2 Handle bit-vector datatype (HO)
Package: uniquecounter 2016/05/16 v1.3 Provide unlimited unique counter (HO)
)
Package hobsub Info: Skipping package `hobsub' (already loaded).
Package: letltxmacro 2016/05/16 v1.5 Let assignment for LaTeX macros (HO)
Package: hopatch 2016/05/16 v1.3 Wrapper for package hooks (HO)
Package: xcolor-patch 2016/05/16 xcolor patch
Package: atveryend 2016/05/16 v1.9 Hooks at the very end of document (HO)
Package atveryend Info: \enddocument detected (standard20110627).
Package: atbegshi 2016/06/09 v1.18 At begin shipout hook (HO)
Package: refcount 2016/05/16 v3.5 Data extraction from label references (HO)
Package: hycolor 2016/05/16 v1.8 Color options for hyperref/bookmark (HO)
)
(/usr/share/texlive/texmf-dist/tex/generic/ifxetex/ifxetex.sty
Package: ifxetex 2010/09/12 v0.6 Provides ifxetex conditional
)
(/usr/share/texlive/texmf-dist/tex/latex/oberdiek/auxhook.sty
Package: auxhook 2016/05/16 v1.4 Hooks for auxiliary files (HO)
)
(/usr/share/texlive/texmf-dist/tex/latex/oberdiek/kvoptions.sty
Package: kvoptions 2016/05/16 v3.12 Key value format for package options (HO)
)
\@linkdim=\dimen103
\Hy@linkcounter=\count94
\Hy@pagecounter=\count95

(/usr/share/texlive/texmf-dist/tex/latex/hyperref/pd1enc.def
File: pd1enc.def 2017/03/14 v6.85a Hyperref: PDFDocEncoding definition (HO)
)
\Hy@SavedSpaceFactor=\count96

(/usr/share/texlive/texmf-dist/tex/latex/latexconfig/hyperref.cfg
File: hyperref.cfg 2002/06/06 v1.2 hyperref configuration of TeXLive
)
Package hyperref Info: Option `pdfpagelabels' set `true' on input line 4374.
Package hyperref Info: Option `plainpages' set `false' on input line 4374.
Package hyperref Info: Option `colorlinks' set `true' on input line 4374.
Package hyperref Info: Option `bookmarks' set `true' on input line 4374.
Package hyperref Info: Hyper figures OFF on input line 4498.
Package hyperref Info: Link nesting OFF on input line 4503.
Package hyperref Info: Hyper index ON on input line 4506.
Package hyperref Info: Plain pages OFF on input line 4513.
Package hyperref Info: Backreferencing ON on input line 4516.
Package hyperref Info: Implicit mode ON; LaTeX internals redefined.
Package hyperref Info: Bookmarks ON on input line 4751.

(/usr/share/texlive/texmf-dist/tex/latex/hyperref/backref.sty
Package: backref 2016/05/21 v1.39 Bibliographical back referencing

(/usr/share/texlive/texmf-dist/tex/latex/oberdiek/rerunfilecheck.sty
Package: rerunfilecheck 2016/05/16 v1.8 Rerun checks for auxiliary files (HO)
Package uniquecounter Info: New unique counter `rerunfilecheck' on input line 2
82.
))
\c@Hy@tempcnt=\count97

(/usr/share/texlive/texmf-dist/tex/latex/url/url.sty
\Urlmuskip=\muskip10
Package: url 2013/09/16  ver 3.4  Verb mode for urls, etc.
)
LaTeX Info: Redefining \url on input line 5104.
\XeTeXLinkMargin=\dimen104
\Fld@menulength=\count98
\Field@Width=\dimen105
\Fld@charsize=\dimen106
Package hyperref Info: Hyper figures OFF on input line 6358.
Package hyperref Info: Link nesting OFF on input line 6363.
Package hyperref Info: Hyper index ON on input line 6366.
Package hyperref Info: backreferencing ON on input line 6371.
Package hyperref Info: Link coloring ON on input line 6376.
Package hyperref Info: Link coloring with OCG OFF on input line 6383.
Package hyperref Info: PDF/A mode OFF on input line 6388.
LaTeX Info: Redefining \ref on input line 6428.
LaTeX Info: Redefining \pageref on input line 6432.
\Hy@abspage=\count99
\c@Item=\count100
\c@Hfootnote=\count101
)

Package hyperref Message: Driver (autodetected): hpdftex.

(/usr/share/texlive/texmf-dist/tex/latex/hyperref/hpdftex.def
File: hpdftex.def 2017/03/14 v6.85a Hyperref driver for pdfTeX
\Fld@listcount=\count102
\c@bookmark@seq@number=\count103
\Hy@SectionHShift=\skip56
)
(/usr/share/texlive/texmf-dist/tex/latex/graphics/graphicx.sty
Package: graphicx 2017/06/01 v1.1a Enhanced LaTeX Graphics (DPC,SPQR)

(/usr/share/texlive/texmf-dist/tex/latex/graphics/graphics.sty
Package: graphics 2017/06/25 v1.2c Standard LaTeX Graphics (DPC,SPQR)

(/usr/share/texlive/texmf-dist/tex/latex/graphics/trig.sty
Package: trig 2016/01/03 v1.10 sin cos tan (DPC)
)
(/usr/share/texlive/texmf-dist/tex/latex/graphics-cfg/graphics.cfg
File: graphics.cfg 2016/06/04 v1.11 sample graphics configuration
)
Package graphics Info: Driver file: pdftex.def on input line 99.

(/usr/share/texlive/texmf-dist/tex/latex/graphics-def/pdftex.def
File: pdftex.def 2017/06/24 v1.0g Graphics/color driver for pdftex
))
\Gin@req@height=\dimen107
\Gin@req@width=\dimen108
)
(/usr/share/texlive/texmf-dist/tex/latex/amsmath/amsmath.sty
Package: amsmath 2016/11/05 v2.16a AMS math features
\@mathmargin=\skip57

For additional information on amsmath, use the `?' option.
(/usr/share/texlive/texmf-dist/tex/latex/amsmath/amstext.sty
Package: amstext 2000/06/29 v2.01 AMS text

(/usr/share/texlive/texmf-dist/tex/latex/amsmath/amsgen.sty
File: amsgen.sty 1999/11/30 v2.0 generic functions
\@emptytoks=\toks16
\ex@=\dimen109
))
(/usr/share/texlive/texmf-dist/tex/latex/amsmath/amsbsy.sty
Package: amsbsy 1999/11/29 v1.2d Bold Symbols
\pmbraise@=\dimen110
)
(/usr/share/texlive/texmf-dist/tex/latex/amsmath/amsopn.sty
Package: amsopn 2016/03/08 v2.02 operator names
)
\inf@bad=\count104
LaTeX Info: Redefining \frac on input line 213.
\uproot@=\count105
\leftroot@=\count106
LaTeX Info: Redefining \overline on input line 375.
\classnum@=\count107
\DOTSCASE@=\count108
LaTeX Info: Redefining \ldots on input line 472.
LaTeX Info: Redefining \dots on input line 475.
LaTeX Info: Redefining \cdots on input line 596.
\Mathstrutbox@=\box28
\strutbox@=\box29
\big@size=\dimen111
LaTeX Font Info:    Redeclaring font encoding OML on input line 712.
LaTeX Font Info:    Redeclaring font encoding OMS on input line 713.
\macc@depth=\count109
\c@MaxMatrixCols=\count110
\dotsspace@=\muskip11
\c@parentequation=\count111
\dspbrk@lvl=\count112
\tag@help=\toks17
\row@=\count113
\column@=\count114
\maxfields@=\count115
\andhelp@=\toks18
\eqnshift@=\dimen112
\alignsep@=\dimen113
\tagshift@=\dimen114
\tagwidth@=\dimen115
\totwidth@=\dimen116
\lineht@=\dimen117
\@envbody=\toks19
\multlinegap=\skip58
\multlinetaggap=\skip59
\mathdisplay@stack=\toks20
LaTeX Info: Redefining \[ on input line 2817.
LaTeX Info: Redefining \] on input line 2818.
)
(/usr/share/texlive/texmf-dist/tex/latex/tools/bm.sty
Package: bm 2017/01/16 v1.2c Bold Symbol Support (DPC/FMi)
\symboldoperators=\mathgroup4
\symboldletters=\mathgroup5
\symboldsymbols=\mathgroup6
LaTeX Font Info:    Redeclaring math alphabet \mathbf on input line 141.
LaTeX Info: Redefining \bm on input line 207.
)
(/usr/share/texlive/texmf-dist/tex/latex/caption/subcaption.sty
Package: subcaption 2016/05/22 v1.1-161 Sub-captions (AR)

(/usr/share/texlive/texmf-dist/tex/latex/caption/caption.sty
Package: caption 2016/02/21 v3.3-144 Customizing captions (AR)

(/usr/share/texlive/texmf-dist/tex/latex/caption/caption3.sty
Package: caption3 2016/05/22 v1.7-166 caption3 kernel (AR)
Package caption3 Info: TeX engine: e-TeX on input line 67.
\captionmargin=\dimen118
\captionmargin@=\dimen119
\captionwidth=\dimen120
\caption@tempdima=\dimen121
\caption@indent=\dimen122
\caption@parindent=\dimen123
\caption@hangindent=\dimen124
)
Package caption Info: KOMA-Script document class.
\c@ContinuedFloat=\count116
Package caption Info: hyperref package is loaded.
)
\c@subfigure=\count117
\c@subtable=\count118
)
(/usr/share/texlive/texmf-dist/tex/latex/graphics/epsfig.sty
Package: epsfig 2017/06/25 v1.7b (e)psfig emulation (SPQR)
\epsfxsize=\dimen125
\epsfysize=\dimen126
)
(/usr/share/texlive/texmf-dist/tex/latex/amsfonts/amsfonts.sty
Package: amsfonts 2013/01/14 v3.01 Basic AMSFonts support
\symAMSa=\mathgroup7
\symAMSb=\mathgroup8
LaTeX Font Info:    Overwriting math alphabet `\mathfrak' in version `bold'
(Font)                  U/euf/m/n --> U/euf/b/n on input line 106.
)
(/usr/share/texlive/texmf-dist/tex/latex/amsfonts/amssymb.sty
Package: amssymb 2013/01/14 v3.01 AMS font symbols
)
(/usr/share/texlive/texmf-dist/tex/latex/wrapfig/wrapfig.sty
\wrapoverhang=\dimen127
\WF@size=\dimen128
\c@WF@wrappedlines=\count119
\WF@box=\box30
\WF@everypar=\toks21
Package: wrapfig 2003/01/31  v 3.6
)
(/usr/share/texlive/texmf-dist/tex/latex/psfrag/psfrag.sty
Package: psfrag 1998/04/11 v3.04 PSfrag (MCG)
\pfg@pcount=\count120
\pfg@scount=\count121
\pfg@temp=\write4
)
(/usr/share/texlive/texmf-dist/tex/latex/listings/listings.sty
\lst@mode=\count122
\lst@gtempboxa=\box31
\lst@token=\toks22
\lst@length=\count123
\lst@currlwidth=\dimen129
\lst@column=\count124
\lst@pos=\count125
\lst@lostspace=\dimen130
\lst@width=\dimen131
\lst@newlines=\count126
\lst@lineno=\count127
\lst@maxwidth=\dimen132

(/usr/share/texlive/texmf-dist/tex/latex/listings/lstmisc.sty
File: lstmisc.sty 2015/06/04 1.6 (Carsten Heinz)
\c@lstnumber=\count128
\lst@skipnumbers=\count129
\lst@framebox=\box32
)
(/usr/share/texlive/texmf-dist/tex/latex/listings/listings.cfg
File: listings.cfg 2015/06/04 1.6 listings configuration
))
Package: listings 2015/06/04 1.6 (Carsten Heinz)

(/usr/share/texlive/texmf-dist/tex/latex/graphics/color.sty
Package: color 2016/07/10 v1.1e Standard LaTeX Color (DPC)

(/usr/share/texlive/texmf-dist/tex/latex/graphics-cfg/color.cfg
File: color.cfg 2016/01/02 v1.6 sample color configuration
)
Package color Info: Driver file: pdftex.def on input line 147.
)
(/usr/share/texlive/texmf-dist/tex/latex/listings/lstlang1.sty
File: lstlang1.sty 2015/06/04 1.6 listings language file
)
(/usr/share/texlive/texmf-dist/tex/latex/booktabs/booktabs.sty
Package: booktabs 2016/04/27 v1.618033 publication quality tables
\heavyrulewidth=\dimen133
\lightrulewidth=\dimen134
\cmidrulewidth=\dimen135
\belowrulesep=\dimen136
\belowbottomsep=\dimen137
\aboverulesep=\dimen138
\abovetopsep=\dimen139
\cmidrulesep=\dimen140
\cmidrulekern=\dimen141
\defaultaddspace=\dimen142
\@cmidla=\count130
\@cmidlb=\count131
\@aboverulesep=\dimen143
\@belowrulesep=\dimen144
\@thisruleclass=\count132
\@lastruleclass=\count133
\@thisrulewidth=\dimen145
)
(/usr/share/texlive/texmf-dist/tex/latex/float/float.sty
Package: float 2001/11/08 v1.3d Float enhancements (AL)
\c@float@type=\count134
\float@exts=\toks23
\float@box=\box33
\@float@everytoks=\toks24
\@floatcapt=\box34
)
(/usr/share/texlive/texmf-dist/tex/latex/lipsum/lipsum.sty
Package: lipsum 2014/07/27 v1.3 150 paragraphs of Lorem Ipsum dummy text
\c@lips@count=\count135
) (./Lab Book.aux)
\openout1 = `"Lab Book.aux"'.

LaTeX Font Info:    Checking defaults for OML/cmm/m/it on input line 169.
LaTeX Font Info:    ... okay on input line 169.
LaTeX Font Info:    Checking defaults for T1/cmr/m/n on input line 169.
LaTeX Font Info:    ... okay on input line 169.
LaTeX Font Info:    Checking defaults for OT1/cmr/m/n on input line 169.
LaTeX Font Info:    ... okay on input line 169.
LaTeX Font Info:    Checking defaults for OMS/cmsy/m/n on input line 169.
LaTeX Font Info:    ... okay on input line 169.
LaTeX Font Info:    Checking defaults for OMX/cmex/m/n on input line 169.
LaTeX Font Info:    ... okay on input line 169.
LaTeX Font Info:    Checking defaults for U/cmr/m/n on input line 169.
LaTeX Font Info:    ... okay on input line 169.
LaTeX Font Info:    Checking defaults for PD1/pdf/m/n on input line 169.
LaTeX Font Info:    ... okay on input line 169.
\AtBeginShipoutBox=\box35
Package hyperref Info: Link coloring ON on input line 169.

(/usr/share/texlive/texmf-dist/tex/latex/hyperref/nameref.sty
Package: nameref 2016/05/21 v2.44 Cross-referencing by name of section

(/usr/share/texlive/texmf-dist/tex/generic/oberdiek/gettitlestring.sty
Package: gettitlestring 2016/05/16 v1.5 Cleanup title references (HO)
)
\c@section@level=\count136
)
LaTeX Info: Redefining \ref on input line 169.
LaTeX Info: Redefining \pageref on input line 169.
LaTeX Info: Redefining \nameref on input line 169.

(./Lab Book.out) (./Lab Book.out)
\@outlinefile=\write5
\openout5 = `"Lab Book.out"'.


(/usr/share/texlive/texmf-dist/tex/context/base/mkii/supp-pdf.mkii
[Loading MPS to PDF converter (version 2006.09.02).]
\scratchcounter=\count137
\scratchdimen=\dimen146
\scratchbox=\box36
\nofMPsegments=\count138
\nofMParguments=\count139
\everyMPshowfont=\toks25
\MPscratchCnt=\count140
\MPscratchDim=\dimen147
\MPnumerator=\count141
\makeMPintoPDFobject=\count142
\everyMPtoPDFconversion=\toks26
) (/usr/share/texlive/texmf-dist/tex/latex/oberdiek/epstopdf-base.sty
Package: epstopdf-base 2016/05/15 v2.6 Base part for package epstopdf

(/usr/share/texlive/texmf-dist/tex/latex/oberdiek/grfext.sty
Package: grfext 2016/05/16 v1.2 Manage graphics extensions (HO)
)
Package epstopdf-base Info: Redefining graphics rule for `.eps' on input line 4
38.
Package grfext Info: Graphics extension search list:
(grfext)             [.pdf,.png,.jpg,.mps,.jpeg,.jbig2,.jb2,.PDF,.PNG,.JPG,.JPE
G,.JBIG2,.JB2,.eps]
(grfext)             \AppendGraphicsExtensions on input line 456.

(/usr/share/texlive/texmf-dist/tex/latex/latexconfig/epstopdf-sys.cfg
File: epstopdf-sys.cfg 2010/07/13 v1.3 Configuration of (r)epstopdf for TeX Liv
e
))
Package caption Info: Begin \AtBeginDocument code.
Package caption Info: float package is loaded.
Package caption Info: listings package is loaded.
Package caption Info: wrapfig package is loaded.
Package caption Info: End \AtBeginDocument code.
\c@lstlisting=\count143
LaTeX Font Info:    Try loading font information for U+msa on input line 187.

(/usr/share/texlive/texmf-dist/tex/latex/amsfonts/umsa.fd
File: umsa.fd 2013/01/14 v3.01 AMS symbols A
)
LaTeX Font Info:    Try loading font information for U+msb on input line 187.

(/usr/share/texlive/texmf-dist/tex/latex/amsfonts/umsb.fd
File: umsb.fd 2013/01/14 v3.01 AMS symbols B
) [1
Non-PDF special ignored!




{/var/lib/texmf/fonts/map/pdftex/updmap/pdftex.map}]
[2

] (./Lab Book.toc)
\tf@toc=\write6
\openout6 = `"Lab Book.toc"'.

 [3

] [4


]
chapter without number

Class scrbook Warning: \float@addtolists detected!
(scrbook)              Implementation of \float@addtolist became
(scrbook)              deprecated in KOMA-Script v3.01 2008/11/14 and
(scrbook)              has been replaced by several more flexible
(scrbook)              features of package `tocbasic`.
(scrbook)              Since Version 3.12 support for deprecated
(scrbook)              \float@addtolist interface has been
(scrbook)              restricted to only some of the KOMA-Script
(scrbook)              features and been removed from others.
(scrbook)              Loading of package `scrhack' may help to
(scrbook)              avoid this warning, if you are using a
(scrbook)              a package that still implements the
(scrbook)              deprecated \float@addtolist interface .

[1

]
Overfull \hbox (83.91403pt too wide) in paragraph at lines 241--241
[] 
 []


LaTeX Warning: Citation `Cahn1958' on page 2 undefined on input line 252.

[2]
chapter without number
[3

]
chapter without number
<0.png, id=173, 1027.84pt x 1092.08pt>
File: 0.png Graphic file (type png)
<use 0.png>
Package pdftex.def Info: 0.png  used on input line 305. on input line 305.
Package pdftex.def Info: Requested size: 167.29967pt x 177.75252pt on input lin
e 305.
<1e_05.png, id=174, 1027.84pt x 1092.08pt>
File: 1e_05.png Graphic file (type png)
<use 1e_05.png>
Package pdftex.def Info: 1e_05.png  used on input line 310. on input line 310.
Package pdftex.def Info: Requested size: 167.29967pt x 177.75252pt on input lin
e 310.
<1e_06.png, id=175, 1027.84pt x 1092.08pt>
File: 1e_06.png Graphic file (type png)
<use 1e_06.png>
Package pdftex.def Info: 1e_06.png  used on input line 315. on input line 315.
Package pdftex.def Info: Requested size: 167.29967pt x 177.75252pt on input lin
e 315.
<4e_04.png, id=176, 1027.84pt x 961.5925pt>
File: 4e_04.png Graphic file (type png)
<use 4e_04.png>
Package pdftex.def Info: 4e_04.png  used on input line 320. on input line 320.
Package pdftex.def Info: Requested size: 167.29967pt x 156.5137pt on input line
 320.
<6e_04.png, id=177, 1027.84pt x 961.5925pt>
File: 6e_04.png Graphic file (type png)
<use 6e_04.png>
Package pdftex.def Info: 6e_04.png  used on input line 325. on input line 325.
Package pdftex.def Info: Requested size: 167.29967pt x 156.5137pt on input line
 325.
<8e_04.png, id=178, 1027.84pt x 961.5925pt>
File: 8e_04.png Graphic file (type png)
<use 8e_04.png>
Package pdftex.def Info: 8e_04.png  used on input line 330. on input line 330.
Package pdftex.def Info: Requested size: 167.29967pt x 156.5137pt on input line
 330.

LaTeX Warning: Float too large for page by 7.4676pt on input line 335.


LaTeX Warning: `!h' float specifier changed to `!ht'.

[4

] [5 <./0.png (PNG copy)> <./1e_05.png (PNG copy)> <./1e_06.png (PNG copy)> <./
4e_04.png (PNG copy)> <./6e_04.png (PNG copy)> <./8e_04.png (PNG copy)>]
chapter without number
[6

] [7]
chapter without number
[8

] [9]
chapter without number
<setTwo.jpg, id=266, 562.1pt x 421.575pt>
File: setTwo.jpg Graphic file (type jpg)
<use setTwo.jpg>
Package pdftex.def Info: setTwo.jpg  used on input line 487. on input line 487.

Package pdftex.def Info: Requested size: 167.29967pt x 125.46997pt on input lin
e 487.
<setThree.jpg, id=267, 562.1pt x 421.575pt>
File: setThree.jpg Graphic file (type jpg)
<use setThree.jpg>
Package pdftex.def Info: setThree.jpg  used on input line 492. on input line 49
2.
Package pdftex.def Info: Requested size: 167.29967pt x 125.46997pt on input lin
e 492.
<setFour.jpg, id=268, 562.1pt x 421.575pt>
File: setFour.jpg Graphic file (type jpg)
<use setFour.jpg>
Package pdftex.def Info: setFour.jpg  used on input line 497. on input line 497
.
Package pdftex.def Info: Requested size: 167.29967pt x 125.46997pt on input lin
e 497.
<setSeven.jpg, id=269, 572.1375pt x 421.575pt>
File: setSeven.jpg Graphic file (type jpg)
<use setSeven.jpg>
Package pdftex.def Info: setSeven.jpg  used on input line 502. on input line 50
2.
Package pdftex.def Info: Requested size: 167.29967pt x 123.26997pt on input lin
e 502.
Package atveryend Info: Empty hook `BeforeClearDocument' on input line 589.
[10

 <./setTwo.jpg> <./setThree.jpg> <./setFour.jpg> <./setSeven.jpg>]
Package atveryend Info: Empty hook `AfterLastShipout' on input line 589.

(./Lab Book.aux)
Package atveryend Info: Executing hook `AtVeryEndDocument' on input line 589.
Package atveryend Info: Executing hook `AtEndAfterFileList' on input line 589.
Package rerunfilecheck Info: File `"Lab Book".out' has not changed.
(rerunfilecheck)             Checksum: B2F1C2107D0EC7BE166CAAA3D0989CF7;1378.


LaTeX Warning: There were undefined references.

Package atveryend Info: Empty hook `AtVeryVeryEnd' on input line 589.
 ) 
Here is how much of TeX's memory you used:
 11635 strings out of 494888
 182922 string characters out of 6179710
 487449 words of memory out of 5000000
 14664 multiletter control sequences out of 15000+600000
 20579 words of font info for 76 fonts, out of 8000000 for 9000
 36 hyphenation exceptions out of 8191
 48i,12n,68p,8857b,1712s stack positions out of 5000i,500n,10000p,200000b,80000s
</usr/share/texlive/texmf-dist/fonts/type1/public/amsfonts/cm/cmbx10.pfb></us
r/share/texlive/texmf-dist/fonts/type1/public/amsfonts/cm/cmex10.pfb></usr/shar
e/texlive/texmf-dist/fonts/type1/public/amsfonts/cm/cmmi10.pfb></usr/share/texl
ive/texmf-dist/fonts/type1/public/amsfonts/cm/cmmi8.pfb></usr/share/texlive/tex
mf-dist/fonts/type1/public/amsfonts/cm/cmmib10.pfb></usr/share/texlive/texmf-di
st/fonts/type1/public/amsfonts/cm/cmr10.pfb></usr/share/texlive/texmf-dist/font
s/type1/public/amsfonts/cm/cmr12.pfb></usr/share/texlive/texmf-dist/fonts/type1
/public/amsfonts/cm/cmr17.pfb></usr/share/texlive/texmf-dist/fonts/type1/public
/amsfonts/cm/cmr6.pfb></usr/share/texlive/texmf-dist/fonts/type1/public/amsfont
s/cm/cmr8.pfb></usr/share/texlive/texmf-dist/fonts/type1/public/amsfonts/cm/cms
l10.pfb></usr/share/texlive/texmf-dist/fonts/type1/public/amsfonts/cm/cmssbx10.
pfb></usr/share/texlive/texmf-dist/fonts/type1/public/amsfonts/cm/cmsy10.pfb></
usr/share/texlive/texmf-dist/fonts/type1/public/amsfonts/cm/cmsy8.pfb></usr/sha
re/texlive/texmf-dist/fonts/type1/public/amsfonts/cm/cmtt10.pfb></usr/share/tex
live/texmf-dist/fonts/type1/public/amsfonts/symbols/msbm10.pfb>
Output written on "Lab Book.pdf" (14 pages, 882439 bytes).
PDF statistics:
 355 PDF objects out of 1000 (max. 8388607)
 309 compressed objects within 4 object streams
 126 named destinations out of 1000 (max. 500000)
 187 words of extra memory for PDF output out of 10000 (max. 10000000)

